Start testing: May 04 19:24 +04
----------------------------------------------------------
1/1 Testing: check
1/1 Test: check
Command: "/home/user/Syrex333/workspace/projects/lab07/_builds/check"
Directory: /home/user/Syrex333/workspace/projects/lab07/_builds
"check" start time: May 04 19:24 +04
Output:
----------------------------------------------------------
Running main() from /home/user/projects/hunter/_Base/xxxxxxx/f845a29/cf272be/Build/GTest/Source/googletest/src/gtest_main.cc
[==========] Running 1 test from 1 test suite.
[----------] Global test environment set-up.
[----------] 1 test from Print
[ RUN      ] Print.InFileStream
[       OK ] Print.InFileStream (0 ms)
[----------] 1 test from Print (0 ms total)

[----------] Global test environment tear-down
[==========] 1 test from 1 test suite ran. (0 ms total)
[  PASSED  ] 1 test.
<end of output>
Test time =   0.01 sec
----------------------------------------------------------
Test Passed.
"check" end time: May 04 19:24 +04
"check" time elapsed: 00:00:00
----------------------------------------------------------

End testing: May 04 19:24 +04
